<?xml version="1.0" encoding="UTF-8"?>
<!-- Generated by org.testng.reporters.JUnitXMLReporter -->
<testsuite ignored="0" hostname="LAPTOP-ER8E34F9" failures="0" tests="8" name="module1" time="0.176" errors="0" timestamp="2021-12-22T20:28:38 IST">
  <testcase classname="testingdiscussion.EveninPractice" name="scooty" time="0.019"/>
  <testcase classname="testingdiscussion.EveninPractice" name="car" time="0.003"/>
  <testcase classname="testingdiscussion.EveninPractice" name="car" time="0.002"/>
  <testcase classname="testingdiscussion.EveninPractice" name="bike" time="0.002"/>
  <testcase classname="testingdiscussion.PriorityOfTestCase" name="zoo" time="0.002"/>
  <testcase classname="testingdiscussion.PriorityOfTestCase" name="van" time="0.003"/>
  <testcase classname="testingdiscussion.PriorityOfTestCase" name="home" time="0.002"/>
  <testcase classname="testingdiscussion.PriorityOfTestCase" name="egg" time="0.002"/>
</testsuite> <!-- module1 -->
